TN:
SF:src/db/schema.ts
FN:93,(anonymous_1)
FN:96,(anonymous_2)
FN:102,(anonymous_3)
FN:105,(anonymous_4)
FN:111,(anonymous_5)
FN:116,(anonymous_6)
FN:119,(anonymous_7)
FN:125,(anonymous_8)
FN:128,(anonymous_9)
FN:131,(anonymous_10)
FN:137,(anonymous_11)
FN:142,(anonymous_12)
FN:148,(anonymous_13)
FN:151,(anonymous_14)
FN:154,(anonymous_15)
FN:160,(anonymous_16)
FN:163,(anonymous_17)
FN:171,(anonymous_18)
FN:175,(anonymous_19)
FNF:19
FNH:18
FNDA:16,(anonymous_1)
FNDA:18,(anonymous_2)
FNDA:10,(anonymous_3)
FNDA:12,(anonymous_4)
FNDA:12,(anonymous_5)
FNDA:20,(anonymous_6)
FNDA:20,(anonymous_7)
FNDA:16,(anonymous_8)
FNDA:18,(anonymous_9)
FNDA:20,(anonymous_10)
FNDA:12,(anonymous_11)
FNDA:20,(anonymous_12)
FNDA:22,(anonymous_13)
FNDA:24,(anonymous_14)
FNDA:26,(anonymous_15)
FNDA:20,(anonymous_16)
FNDA:22,(anonymous_17)
FNDA:6,(anonymous_18)
FNDA:0,(anonymous_19)
DA:1,2
DA:2,2
DA:3,2
DA:4,2
DA:5,2
DA:6,2
DA:8,2
DA:11,2
DA:12,2
DA:13,0
DA:16,2
DA:19,2
DA:20,2
DA:23,2
DA:84,2
DA:92,2
DA:93,16
DA:94,0
DA:96,18
DA:97,0
DA:101,2
DA:102,10
DA:103,0
DA:105,12
DA:106,0
DA:110,2
DA:111,12
DA:112,0
DA:115,2
DA:116,20
DA:117,0
DA:119,20
DA:120,0
DA:124,2
DA:125,16
DA:126,0
DA:128,18
DA:129,0
DA:131,20
DA:132,0
DA:136,2
DA:137,12
DA:138,0
DA:141,2
DA:142,20
DA:143,0
DA:147,2
DA:148,22
DA:149,0
DA:151,24
DA:152,0
DA:154,26
DA:155,0
DA:159,2
DA:160,20
DA:161,0
DA:163,22
DA:164,0
DA:170,2
DA:171,6
DA:172,2
DA:174,0
DA:175,0
DA:176,0
DA:197,0
DA:198,0
DA:203,2
DA:206,2
DA:207,2
DA:209,2
DA:210,2
DA:211,0
DA:214,2
DA:215,2
DA:216,2
DA:217,2
DA:218,0
DA:219,0
DA:220,0
DA:221,0
DA:222,0
DA:226,2
DA:227,2
DA:228,0
DA:229,0
DA:232,0
DA:235,2
LF:87
LH:55
BRDA:12,0,0,0
BRDA:93,1,0,0
BRDA:96,2,0,0
BRDA:102,3,0,0
BRDA:105,4,0,0
BRDA:111,5,0,0
BRDA:116,6,0,0
BRDA:119,7,0,0
BRDA:125,8,0,0
BRDA:128,9,0,0
BRDA:131,10,0,0
BRDA:137,11,0,0
BRDA:142,12,0,0
BRDA:148,13,0,0
BRDA:151,14,0,0
BRDA:154,15,0,0
BRDA:160,16,0,0
BRDA:163,17,0,0
BRDA:172,18,0,0
BRDA:172,19,0,2
BRDA:172,19,1,2
BRDA:203,20,0,2
BRDA:203,20,1,2
BRDA:207,21,0,2
BRDA:207,21,1,2
BRDA:209,22,0,2
BRDA:209,22,1,0
BRDA:210,23,0,0
BRDA:218,24,0,0
BRDA:221,25,0,0
BRDA:227,26,0,0
BRF:31
BRH:7
end_of_record
TN:
SF:src/routes/media.ts
FN:31,(anonymous_1)
FN:32,(anonymous_2)
FN:46,(anonymous_3)
FN:56,isVideo
FN:60,parseFps
FN:74,getVideoMetadata
FN:75,(anonymous_7)
FN:76,(anonymous_8)
FN:82,(anonymous_9)
FN:92,getAudioDuration
FN:93,(anonymous_11)
FN:94,(anonymous_12)
FN:104,generateThumbnail
FN:105,(anonymous_14)
FN:108,(anonymous_15)
FN:109,(anonymous_16)
FN:119,formatMediaFile
FN:146,validateMagicBytes
FN:154,(anonymous_19)
FN:166,(anonymous_20)
FN:167,(anonymous_21)
FN:174,(anonymous_22)
FN:226,(anonymous_23)
FN:266,(anonymous_24)
FNF:24
FNH:1
FNDA:0,(anonymous_1)
FNDA:0,(anonymous_2)
FNDA:0,(anonymous_3)
FNDA:0,isVideo
FNDA:5,parseFps
FNDA:0,getVideoMetadata
FNDA:0,(anonymous_7)
FNDA:0,(anonymous_8)
FNDA:0,(anonymous_9)
FNDA:0,getAudioDuration
FNDA:0,(anonymous_11)
FNDA:0,(anonymous_12)
FNDA:0,generateThumbnail
FNDA:0,(anonymous_14)
FNDA:0,(anonymous_15)
FNDA:0,(anonymous_16)
FNDA:0,formatMediaFile
FNDA:0,validateMagicBytes
FNDA:0,(anonymous_19)
FNDA:0,(anonymous_20)
FNDA:0,(anonymous_21)
FNDA:0,(anonymous_22)
FNDA:0,(anonymous_23)
FNDA:0,(anonymous_24)
DA:1,1
DA:2,1
DA:3,1
DA:4,1
DA:5,1
DA:6,1
DA:7,1
DA:8,1
DA:9,1
DA:10,1
DA:13,1
DA:14,1
DA:16,1
DA:18,1
DA:20,1
DA:21,1
DA:23,1
DA:24,0
DA:26,1
DA:27,0
DA:30,1
DA:31,0
DA:33,0
DA:34,0
DA:38,1
DA:44,1
DA:47,0
DA:48,0
DA:50,0
DA:57,0
DA:60,1
DA:61,5
DA:62,4
DA:63,4
DA:64,3
DA:75,0
DA:76,0
DA:77,0
DA:78,0
DA:79,0
DA:81,0
DA:82,0
DA:83,0
DA:84,0
DA:85,0
DA:86,0
DA:87,0
DA:93,0
DA:94,0
DA:95,0
DA:96,0
DA:97,0
DA:99,0
DA:105,0
DA:106,0
DA:107,0
DA:108,0
DA:109,0
DA:120,0
DA:121,0
DA:135,1
DA:147,0
DA:148,0
DA:149,0
DA:150,0
DA:151,0
DA:152,0
DA:153,0
DA:154,0
DA:155,0
DA:158,0
DA:161,0
DA:166,1
DA:167,0
DA:168,0
DA:169,0
DA:170,0
DA:172,0
DA:175,0
DA:176,0
DA:177,0
DA:178,0
DA:181,0
DA:184,0
DA:185,0
DA:186,0
DA:187,0
DA:190,0
DA:191,0
DA:193,0
DA:194,0
DA:195,0
DA:196,0
DA:197,0
DA:199,0
DA:200,0
DA:201,0
DA:205,0
DA:206,0
DA:207,0
DA:208,0
DA:209,0
DA:210,0
DA:211,0
DA:212,0
DA:215,0
DA:220,0
DA:221,0
DA:226,1
DA:227,0
DA:228,0
DA:229,0
DA:230,0
DA:231,0
DA:232,0
DA:234,0
DA:235,0
DA:237,0
DA:238,0
DA:239,0
DA:242,0
DA:243,0
DA:244,0
DA:247,0
DA:248,0
DA:249,0
DA:252,0
DA:253,0
DA:254,0
DA:257,0
DA:259,0
DA:260,0
DA:262,0
DA:266,1
DA:267,0
DA:268,0
DA:270,0
DA:271,0
DA:272,0
DA:275,0
DA:276,0
DA:279,1
LF:142
LH:31
BRDA:13,0,0,1
BRDA:23,1,0,0
BRDA:26,2,0,0
BRDA:47,3,0,0
BRDA:47,3,1,0
BRDA:61,4,0,1
BRDA:61,5,0,5
BRDA:61,5,1,4
BRDA:63,6,0,1
BRDA:63,7,0,4
BRDA:63,7,1,3
BRDA:64,8,0,2
BRDA:64,8,1,1
BRDA:77,9,0,0
BRDA:77,10,0,0
BRDA:77,10,1,0
BRDA:81,11,0,0
BRDA:81,11,1,0
BRDA:83,12,0,0
BRDA:83,12,1,0
BRDA:84,13,0,0
BRDA:84,13,1,0
BRDA:86,14,0,0
BRDA:86,14,1,0
BRDA:95,15,0,0
BRDA:95,16,0,0
BRDA:95,16,1,0
BRDA:126,17,0,0
BRDA:126,17,1,0
BRDA:127,18,0,0
BRDA:127,18,1,0
BRDA:128,19,0,0
BRDA:128,19,1,0
BRDA:129,20,0,0
BRDA:129,20,1,0
BRDA:148,21,0,0
BRDA:168,22,0,0
BRDA:169,23,0,0
BRDA:169,23,1,0
BRDA:176,24,0,0
BRDA:184,25,0,0
BRDA:199,26,0,0
BRDA:199,26,1,0
BRDA:211,27,0,0
BRDA:227,28,0,0
BRDA:227,28,1,0
BRDA:227,29,0,0
BRDA:227,29,1,0
BRDA:228,30,0,0
BRDA:228,30,1,0
BRDA:228,31,0,0
BRDA:228,31,1,0
BRDA:229,32,0,0
BRDA:229,32,1,0
BRDA:229,32,2,0
BRDA:230,33,0,0
BRDA:230,33,1,0
BRDA:231,34,0,0
BRDA:231,34,1,0
BRDA:232,35,0,0
BRDA:232,35,1,0
BRDA:237,36,0,0
BRDA:242,37,0,0
BRDA:242,38,0,0
BRDA:242,38,1,0
BRDA:242,38,2,0
BRDA:247,39,0,0
BRDA:247,40,0,0
BRDA:247,40,1,0
BRDA:252,41,0,0
BRDA:252,42,0,0
BRDA:252,42,1,0
BRDA:270,43,0,0
BRF:73
BRH:9
end_of_record
TN:
SF:src/routes/schedules.ts
FN:10,timeToMinutes
FN:19,minuteInRange
FN:28,schedulesOverlap
FN:41,validateTimeFormat
FN:48,(anonymous_5)
FN:69,(anonymous_6)
FN:120,(anonymous_7)
FN:145,(anonymous_8)
FNF:8
FNH:1
FNDA:0,timeToMinutes
FNDA:8,minuteInRange
FNDA:0,schedulesOverlap
FNDA:0,validateTimeFormat
FNDA:0,(anonymous_5)
FNDA:0,(anonymous_6)
FNDA:0,(anonymous_7)
FNDA:0,(anonymous_8)
DA:1,1
DA:2,1
DA:3,1
DA:5,1
DA:8,1
DA:11,0
DA:12,0
DA:20,8
DA:21,4
DA:24,4
DA:32,0
DA:33,0
DA:34,0
DA:35,0
DA:36,0
DA:38,0
DA:42,0
DA:43,0
DA:44,0
DA:48,1
DA:49,0
DA:51,0
DA:52,0
DA:53,0
DA:54,0
DA:57,0
DA:65,0
DA:69,1
DA:70,0
DA:72,0
DA:73,0
DA:74,0
DA:75,0
DA:78,0
DA:86,0
DA:87,0
DA:88,0
DA:90,0
DA:91,0
DA:92,0
DA:94,0
DA:95,0
DA:96,0
DA:98,0
DA:99,0
DA:100,0
DA:104,0
DA:105,0
DA:106,0
DA:107,0
DA:110,0
DA:113,0
DA:119,0
DA:120,0
DA:122,0
DA:123,0
DA:124,0
DA:129,0
DA:136,0
DA:137,0
DA:138,0
DA:141,0
DA:145,1
DA:146,0
DA:148,0
DA:149,0
DA:150,0
DA:151,0
DA:154,0
DA:155,0
DA:158,1
DA:159,1
LF:72
LH:13
BRDA:20,0,0,4
BRDA:21,1,0,4
BRDA:21,1,1,3
BRDA:24,2,0,4
BRDA:24,2,1,3
BRDA:32,3,0,0
BRDA:38,4,0,0
BRDA:38,4,1,0
BRDA:42,5,0,0
BRDA:44,6,0,0
BRDA:44,6,1,0
BRDA:44,6,2,0
BRDA:44,6,3,0
BRDA:52,7,0,0
BRDA:73,8,0,0
BRDA:86,9,0,0
BRDA:86,10,0,0
BRDA:86,10,1,0
BRDA:90,11,0,0
BRDA:90,12,0,0
BRDA:90,12,1,0
BRDA:90,12,2,0
BRDA:90,12,3,0
BRDA:94,13,0,0
BRDA:94,14,0,0
BRDA:94,14,1,0
BRDA:98,15,0,0
BRDA:98,16,0,0
BRDA:98,16,1,0
BRDA:105,17,0,0
BRDA:110,18,0,0
BRDA:110,18,1,0
BRDA:137,19,0,0
BRDA:149,20,0,0
BRF:34
BRH:5
end_of_record
TN:
SF:src/utils/logger.ts
FNF:0
FNH:0
DA:1,2
DA:3,2
DA:10,2
LF:3
LH:3
BRDA:4,0,0,2
BRDA:4,0,1,2
BRDA:5,1,0,2
BRDA:5,1,1,0
BRF:4
BRH:3
end_of_record
